Drill report for /home/nescivi/git/ssdn/minibee_hw/minibee/revF_kicad/MiniBee.kicad_pcb
Created on Tue 07 Feb 2017 13:12:56 CET

Copper Layer Stackup:
    =============================================================
    L1 :  Top                       front
    L2 :  Bottom                    back


Drill file 'MiniBee.drl' contains
    plated through holes:
    =============================================================
    T1  0.40mm  0.016"  (38 holes)
    T2  0.60mm  0.024"  (6 holes)  (with 6 slots)
    T3  0.80mm  0.031"  (20 holes)
    T4  1.02mm  0.040"  (28 holes)

    Total plated holes count 92


Drill file 'MiniBee-NPTH.drl' contains
    unplated through holes:
    =============================================================
    T1  0.91mm  0.036"  (2 holes)
    T2  3.60mm  0.142"  (1 hole)

    Total unplated holes count 3
